{"/Users/tomato/Projects/flama/App.tsx": {"path":"/Users/tomato/Projects/flama/App.tsx","statementMap":{"0":{"start":{"line":10,"column":22},"end":{"line":18,"column":1}},"1":{"start":{"line":11,"column":2},"end":{"line":17,"column":13}}},"fnMap":{"0":{"name":"(anonymous_0)","decl":{"start":{"line":10,"column":22},"end":{"line":10,"column":23}},"loc":{"start":{"line":11,"column":2},"end":{"line":17,"column":13}},"line":11}},"branchMap":{},"s":{"0":1,"1":2},"f":{"0":2},"b":{},"_coverageSchema":"1a1c01bbd47fc00a2c39e90264f33305004495a9","hash":"2ae9644126b616ab1ee79d63814bb3c60b888f67"}
,"/Users/tomato/Projects/flama/AppStyles.tsx": {"path":"/Users/tomato/Projects/flama/AppStyles.tsx","statementMap":{"0":{"start":{"line":3,"column":22},"end":{"line":7,"column":2}}},"fnMap":{},"branchMap":{},"s":{"0":1},"f":{},"b":{},"_coverageSchema":"1a1c01bbd47fc00a2c39e90264f33305004495a9","hash":"283ba727e5cfbca351096bba067146ecb30ef62c"}
,"/Users/tomato/Projects/flama/src/components/CheckBox/CheckBox.tsx": {"path":"/Users/tomato/Projects/flama/src/components/CheckBox/CheckBox.tsx","statementMap":{"0":{"start":{"line":12,"column":24},"end":{"line":29,"column":2}},"1":{"start":{"line":13,"column":19},"end":{"line":13,"column":30}},"2":{"start":{"line":14,"column":4},"end":{"line":28,"column":5}}},"fnMap":{"0":{"name":"(anonymous_0)","decl":{"start":{"line":12,"column":35},"end":{"line":12,"column":36}},"loc":{"start":{"line":12,"column":88},"end":{"line":29,"column":1}},"line":12}},"branchMap":{"0":{"loc":{"start":{"line":18,"column":41},"end":{"line":18,"column":78}},"type":"binary-expr","locations":[{"start":{"line":18,"column":41},"end":{"line":18,"column":52}},{"start":{"line":18,"column":56},"end":{"line":18,"column":78}}],"line":18},"1":{"loc":{"start":{"line":21,"column":17},"end":{"line":25,"column":17}},"type":"binary-expr","locations":[{"start":{"line":21,"column":17},"end":{"line":21,"column":28}},{"start":{"line":22,"column":20},"end":{"line":24,"column":27}}],"line":21}},"s":{"0":4,"1":10,"2":10},"f":{"0":10},"b":{"0":[10,0],"1":[10,0]},"_coverageSchema":"1a1c01bbd47fc00a2c39e90264f33305004495a9","hash":"e4902735a7ed7fe41087fafca2e851f561ae55d2"}
,"/Users/tomato/Projects/flama/src/components/CheckBox/CheckBoxStyles.tsx": {"path":"/Users/tomato/Projects/flama/src/components/CheckBox/CheckBoxStyles.tsx","statementMap":{"0":{"start":{"line":4,"column":25},"end":{"line":40,"column":1}},"1":{"start":{"line":5,"column":21},"end":{"line":5,"column":31}},"2":{"start":{"line":6,"column":2},"end":{"line":39,"column":5}}},"fnMap":{"0":{"name":"(anonymous_0)","decl":{"start":{"line":4,"column":25},"end":{"line":4,"column":26}},"loc":{"start":{"line":4,"column":31},"end":{"line":40,"column":1}},"line":4}},"branchMap":{},"s":{"0":4,"1":10,"2":10},"f":{"0":10},"b":{},"_coverageSchema":"1a1c01bbd47fc00a2c39e90264f33305004495a9","hash":"84ae483d0601c883007b944e57ea4f6c65621908"}
,"/Users/tomato/Projects/flama/src/components/Footer/Footer.tsx": {"path":"/Users/tomato/Projects/flama/src/components/Footer/Footer.tsx","statementMap":{"0":{"start":{"line":8,"column":45},"end":{"line":15,"column":1}},"1":{"start":{"line":9,"column":19},"end":{"line":9,"column":30}},"2":{"start":{"line":10,"column":4},"end":{"line":14,"column":6}}},"fnMap":{"0":{"name":"(anonymous_0)","decl":{"start":{"line":8,"column":45},"end":{"line":8,"column":46}},"loc":{"start":{"line":8,"column":63},"end":{"line":15,"column":1}},"line":8}},"branchMap":{},"s":{"0":3,"1":7,"2":7},"f":{"0":7},"b":{},"_coverageSchema":"1a1c01bbd47fc00a2c39e90264f33305004495a9","hash":"0e0006e1836acf62f6102e67e63429811f40af41"}
,"/Users/tomato/Projects/flama/src/components/Footer/FooterStyles.tsx": {"path":"/Users/tomato/Projects/flama/src/components/Footer/FooterStyles.tsx","statementMap":{"0":{"start":{"line":4,"column":25},"end":{"line":17,"column":1}},"1":{"start":{"line":5,"column":23},"end":{"line":5,"column":33}},"2":{"start":{"line":6,"column":4},"end":{"line":16,"column":7}}},"fnMap":{"0":{"name":"(anonymous_0)","decl":{"start":{"line":4,"column":25},"end":{"line":4,"column":26}},"loc":{"start":{"line":4,"column":31},"end":{"line":17,"column":1}},"line":4}},"branchMap":{},"s":{"0":3,"1":7,"2":7},"f":{"0":7},"b":{},"_coverageSchema":"1a1c01bbd47fc00a2c39e90264f33305004495a9","hash":"64863708dc785888e951ca86e73c75f489883f2b"}
,"/Users/tomato/Projects/flama/src/components/Label/Label.tsx": {"path":"/Users/tomato/Projects/flama/src/components/Label/Label.tsx","statementMap":{"0":{"start":{"line":5,"column":14},"end":{"line":11,"column":1}},"1":{"start":{"line":6,"column":2},"end":{"line":10,"column":4}}},"fnMap":{"0":{"name":"(anonymous_0)","decl":{"start":{"line":5,"column":14},"end":{"line":5,"column":15}},"loc":{"start":{"line":5,"column":61},"end":{"line":11,"column":1}},"line":5}},"branchMap":{},"s":{"0":3,"1":8},"f":{"0":8},"b":{},"_coverageSchema":"1a1c01bbd47fc00a2c39e90264f33305004495a9","hash":"50e77724409cc427b5817e1d20f3951f2470b4a3"}
,"/Users/tomato/Projects/flama/src/components/Label/LabelStyles.tsx": {"path":"/Users/tomato/Projects/flama/src/components/Label/LabelStyles.tsx","statementMap":{"0":{"start":{"line":3,"column":22},"end":{"line":13,"column":4}}},"fnMap":{},"branchMap":{},"s":{"0":3},"f":{},"b":{},"_coverageSchema":"1a1c01bbd47fc00a2c39e90264f33305004495a9","hash":"bdadb01b2b248eaf973e1d6300727021351bb536"}
,"/Users/tomato/Projects/flama/src/components/Loading/Loading.tsx": {"path":"/Users/tomato/Projects/flama/src/components/Loading/Loading.tsx","statementMap":{"0":{"start":{"line":5,"column":16},"end":{"line":18,"column":1}},"1":{"start":{"line":6,"column":2},"end":{"line":17,"column":4}}},"fnMap":{"0":{"name":"(anonymous_0)","decl":{"start":{"line":5,"column":16},"end":{"line":5,"column":17}},"loc":{"start":{"line":5,"column":22},"end":{"line":18,"column":1}},"line":5}},"branchMap":{},"s":{"0":1,"1":2},"f":{"0":2},"b":{},"_coverageSchema":"1a1c01bbd47fc00a2c39e90264f33305004495a9","hash":"6b8d09aefc29b379e0775ad1a49c427c8a1b6c1a"}
,"/Users/tomato/Projects/flama/src/components/Loading/LoadingStyles.tsx": {"path":"/Users/tomato/Projects/flama/src/components/Loading/LoadingStyles.tsx","statementMap":{"0":{"start":{"line":2,"column":22},"end":{"line":13,"column":2}}},"fnMap":{},"branchMap":{},"s":{"0":1},"f":{},"b":{},"_coverageSchema":"1a1c01bbd47fc00a2c39e90264f33305004495a9","hash":"9e27d2f64c7aeed1507201339ae25d661174f8cb"}
,"/Users/tomato/Projects/flama/src/components/Swipeable/Swipeable.tsx": {"path":"/Users/tomato/Projects/flama/src/components/Swipeable/Swipeable.tsx","statementMap":{"0":{"start":{"line":19,"column":38},"end":{"line":103,"column":1}},"1":{"start":{"line":24,"column":25},"end":{"line":24,"column":55}},"2":{"start":{"line":25,"column":19},"end":{"line":25,"column":30}},"3":{"start":{"line":26,"column":29},"end":{"line":44,"column":5}},"4":{"start":{"line":27,"column":22},"end":{"line":30,"column":10}},"5":{"start":{"line":31,"column":29},"end":{"line":34,"column":9}},"6":{"start":{"line":32,"column":12},"end":{"line":32,"column":47}},"7":{"start":{"line":33,"column":12},"end":{"line":33,"column":20}},"8":{"start":{"line":35,"column":8},"end":{"line":43,"column":10}},"9":{"start":{"line":46,"column":30},"end":{"line":56,"column":5}},"10":{"start":{"line":47,"column":8},"end":{"line":47,"column":50}},"11":{"start":{"line":47,"column":38},"end":{"line":47,"column":50}},"12":{"start":{"line":49,"column":8},"end":{"line":55,"column":10}},"13":{"start":{"line":52,"column":20},"end":{"line":52,"column":79}},"14":{"start":{"line":58,"column":30},"end":{"line":77,"column":5}},"15":{"start":{"line":59,"column":22},"end":{"line":62,"column":10}},"16":{"start":{"line":63,"column":29},"end":{"line":66,"column":9}},"17":{"start":{"line":64,"column":12},"end":{"line":64,"column":47}},"18":{"start":{"line":65,"column":12},"end":{"line":65,"column":20}},"19":{"start":{"line":68,"column":8},"end":{"line":76,"column":10}},"20":{"start":{"line":79,"column":31},"end":{"line":85,"column":5}},"21":{"start":{"line":80,"column":8},"end":{"line":84,"column":15}},"22":{"start":{"line":82,"column":16},"end":{"line":82,"column":76}},"23":{"start":{"line":87,"column":18},"end":{"line":89,"column":5}},"24":{"start":{"line":88,"column":8},"end":{"line":88,"column":37}},"25":{"start":{"line":91,"column":4},"end":{"line":102,"column":6}}},"fnMap":{"0":{"name":"(anonymous_0)","decl":{"start":{"line":19,"column":38},"end":{"line":19,"column":39}},"loc":{"start":{"line":23,"column":6},"end":{"line":103,"column":1}},"line":23},"1":{"name":"(anonymous_1)","decl":{"start":{"line":26,"column":29},"end":{"line":26,"column":30}},"loc":{"start":{"line":26,"column":61},"end":{"line":44,"column":5}},"line":26},"2":{"name":"(anonymous_2)","decl":{"start":{"line":31,"column":29},"end":{"line":31,"column":30}},"loc":{"start":{"line":31,"column":35},"end":{"line":34,"column":9}},"line":31},"3":{"name":"(anonymous_3)","decl":{"start":{"line":46,"column":30},"end":{"line":46,"column":31}},"loc":{"start":{"line":46,"column":44},"end":{"line":56,"column":5}},"line":46},"4":{"name":"(anonymous_4)","decl":{"start":{"line":51,"column":33},"end":{"line":51,"column":34}},"loc":{"start":{"line":52,"column":20},"end":{"line":52,"column":79}},"line":52},"5":{"name":"(anonymous_5)","decl":{"start":{"line":58,"column":30},"end":{"line":58,"column":31}},"loc":{"start":{"line":58,"column":62},"end":{"line":77,"column":5}},"line":58},"6":{"name":"(anonymous_6)","decl":{"start":{"line":63,"column":29},"end":{"line":63,"column":30}},"loc":{"start":{"line":63,"column":35},"end":{"line":66,"column":9}},"line":63},"7":{"name":"(anonymous_7)","decl":{"start":{"line":79,"column":31},"end":{"line":79,"column":32}},"loc":{"start":{"line":80,"column":8},"end":{"line":84,"column":15}},"line":80},"8":{"name":"(anonymous_8)","decl":{"start":{"line":81,"column":30},"end":{"line":81,"column":31}},"loc":{"start":{"line":82,"column":16},"end":{"line":82,"column":76}},"line":82},"9":{"name":"(anonymous_9)","decl":{"start":{"line":87,"column":18},"end":{"line":87,"column":19}},"loc":{"start":{"line":87,"column":24},"end":{"line":89,"column":5}},"line":87}},"branchMap":{"0":{"loc":{"start":{"line":21,"column":4},"end":{"line":21,"column":20}},"type":"default-arg","locations":[{"start":{"line":21,"column":18},"end":{"line":21,"column":20}}],"line":21},"1":{"loc":{"start":{"line":22,"column":4},"end":{"line":22,"column":21}},"type":"default-arg","locations":[{"start":{"line":22,"column":19},"end":{"line":22,"column":21}}],"line":22},"2":{"loc":{"start":{"line":32,"column":12},"end":{"line":32,"column":46}},"type":"binary-expr","locations":[{"start":{"line":32,"column":12},"end":{"line":32,"column":26}},{"start":{"line":32,"column":30},"end":{"line":32,"column":46}}],"line":32},"3":{"loc":{"start":{"line":47,"column":8},"end":{"line":47,"column":50}},"type":"if","locations":[{"start":{"line":47,"column":8},"end":{"line":47,"column":50}},{"start":{},"end":{}}],"line":47},"4":{"loc":{"start":{"line":64,"column":12},"end":{"line":64,"column":46}},"type":"binary-expr","locations":[{"start":{"line":64,"column":12},"end":{"line":64,"column":26}},{"start":{"line":64,"column":30},"end":{"line":64,"column":46}}],"line":64}},"s":{"0":5,"1":18,"2":18,"3":18,"4":14,"5":14,"6":2,"7":2,"8":14,"9":18,"10":22,"11":15,"12":7,"13":14,"14":18,"15":28,"16":28,"17":2,"18":2,"19":28,"20":18,"21":22,"22":28,"23":18,"24":4,"25":18},"f":{"0":18,"1":14,"2":2,"3":22,"4":14,"5":28,"6":2,"7":22,"8":28,"9":4},"b":{"0":[13],"1":[0],"2":[2,2],"3":[15,7],"4":[2,2]},"_coverageSchema":"1a1c01bbd47fc00a2c39e90264f33305004495a9","hash":"f6792dc589f5713ca967b506c9ad07eeb04b2603"}
,"/Users/tomato/Projects/flama/src/components/Swipeable/SwipeableStyles.tsx": {"path":"/Users/tomato/Projects/flama/src/components/Swipeable/SwipeableStyles.tsx","statementMap":{"0":{"start":{"line":5,"column":25},"end":{"line":39,"column":1}},"1":{"start":{"line":6,"column":4},"end":{"line":38,"column":7}}},"fnMap":{"0":{"name":"(anonymous_0)","decl":{"start":{"line":5,"column":25},"end":{"line":5,"column":26}},"loc":{"start":{"line":5,"column":31},"end":{"line":39,"column":1}},"line":5}},"branchMap":{},"s":{"0":5,"1":18},"f":{"0":18},"b":{},"_coverageSchema":"1a1c01bbd47fc00a2c39e90264f33305004495a9","hash":"f08bf9311c6d1f602bde1830a8a0f71364a2e8b2"}
,"/Users/tomato/Projects/flama/src/components/TodoList/TodoItem.tsx": {"path":"/Users/tomato/Projects/flama/src/components/TodoList/TodoItem.tsx","statementMap":{"0":{"start":{"line":8,"column":28},"end":{"line":8,"column":31}},"1":{"start":{"line":24,"column":42},"end":{"line":121,"column":1}},"2":{"start":{"line":25,"column":40},"end":{"line":25,"column":59}},"3":{"start":{"line":26,"column":34},"end":{"line":26,"column":49}},"4":{"start":{"line":28,"column":31},"end":{"line":32,"column":24}},"5":{"start":{"line":29,"column":4},"end":{"line":31,"column":5}},"6":{"start":{"line":30,"column":6},"end":{"line":30,"column":29}},"7":{"start":{"line":34,"column":29},"end":{"line":39,"column":34}},"8":{"start":{"line":35,"column":4},"end":{"line":38,"column":5}},"9":{"start":{"line":36,"column":32},"end":{"line":36,"column":75}},"10":{"start":{"line":37,"column":6},"end":{"line":37,"column":50}},"11":{"start":{"line":41,"column":32},"end":{"line":55,"column":3}},"12":{"start":{"line":42,"column":4},"end":{"line":54,"column":5}},"13":{"start":{"line":43,"column":32},"end":{"line":43,"column":62}},"14":{"start":{"line":44,"column":6},"end":{"line":44,"column":73}},"15":{"start":{"line":46,"column":6},"end":{"line":52,"column":7}},"16":{"start":{"line":47,"column":8},"end":{"line":47,"column":34}},"17":{"start":{"line":48,"column":8},"end":{"line":51,"column":11}},"18":{"start":{"line":53,"column":6},"end":{"line":53,"column":25}},"19":{"start":{"line":57,"column":27},"end":{"line":60,"column":8}},"20":{"start":{"line":58,"column":4},"end":{"line":58,"column":25}},"21":{"start":{"line":59,"column":4},"end":{"line":59,"column":22}},"22":{"start":{"line":62,"column":21},"end":{"line":72,"column":67}},"23":{"start":{"line":63,"column":4},"end":{"line":71,"column":5}},"24":{"start":{"line":64,"column":6},"end":{"line":70,"column":7}},"25":{"start":{"line":65,"column":8},"end":{"line":65,"column":34}},"26":{"start":{"line":66,"column":8},"end":{"line":69,"column":11}},"27":{"start":{"line":74,"column":2},"end":{"line":87,"column":58}},"28":{"start":{"line":77,"column":4},"end":{"line":84,"column":5}},"29":{"start":{"line":78,"column":6},"end":{"line":78,"column":32}},"30":{"start":{"line":79,"column":6},"end":{"line":83,"column":30}},"31":{"start":{"line":80,"column":8},"end":{"line":80,"column":27}},"32":{"start":{"line":81,"column":34},"end":{"line":81,"column":64}},"33":{"start":{"line":82,"column":8},"end":{"line":82,"column":52}},"34":{"start":{"line":86,"column":4},"end":{"line":86,"column":43}},"35":{"start":{"line":86,"column":17},"end":{"line":86,"column":42}},"36":{"start":{"line":89,"column":23},"end":{"line":95,"column":3}},"37":{"start":{"line":93,"column":21},"end":{"line":93,"column":58}},"38":{"start":{"line":98,"column":17},"end":{"line":98,"column":28}},"39":{"start":{"line":100,"column":2},"end":{"line":120,"column":4}}},"fnMap":{"0":{"name":"(anonymous_0)","decl":{"start":{"line":24,"column":42},"end":{"line":24,"column":43}},"loc":{"start":{"line":24,"column":94},"end":{"line":121,"column":1}},"line":24},"1":{"name":"(anonymous_1)","decl":{"start":{"line":28,"column":43},"end":{"line":28,"column":44}},"loc":{"start":{"line":28,"column":59},"end":{"line":32,"column":3}},"line":28},"2":{"name":"(anonymous_2)","decl":{"start":{"line":34,"column":41},"end":{"line":34,"column":42}},"loc":{"start":{"line":34,"column":47},"end":{"line":39,"column":3}},"line":34},"3":{"name":"(anonymous_3)","decl":{"start":{"line":41,"column":32},"end":{"line":41,"column":33}},"loc":{"start":{"line":41,"column":38},"end":{"line":55,"column":3}},"line":41},"4":{"name":"(anonymous_4)","decl":{"start":{"line":57,"column":39},"end":{"line":57,"column":40}},"loc":{"start":{"line":57,"column":57},"end":{"line":60,"column":3}},"line":57},"5":{"name":"(anonymous_5)","decl":{"start":{"line":62,"column":33},"end":{"line":62,"column":34}},"loc":{"start":{"line":62,"column":39},"end":{"line":72,"column":3}},"line":62},"6":{"name":"(anonymous_6)","decl":{"start":{"line":74,"column":12},"end":{"line":74,"column":13}},"loc":{"start":{"line":74,"column":18},"end":{"line":87,"column":3}},"line":74},"7":{"name":"(anonymous_7)","decl":{"start":{"line":79,"column":31},"end":{"line":79,"column":32}},"loc":{"start":{"line":79,"column":37},"end":{"line":83,"column":7}},"line":79},"8":{"name":"(anonymous_8)","decl":{"start":{"line":86,"column":11},"end":{"line":86,"column":12}},"loc":{"start":{"line":86,"column":17},"end":{"line":86,"column":42}},"line":86},"9":{"name":"(anonymous_9)","decl":{"start":{"line":93,"column":15},"end":{"line":93,"column":16}},"loc":{"start":{"line":93,"column":21},"end":{"line":93,"column":58}},"line":93}},"branchMap":{"0":{"loc":{"start":{"line":29,"column":4},"end":{"line":31,"column":5}},"type":"if","locations":[{"start":{"line":29,"column":4},"end":{"line":31,"column":5}},{"start":{},"end":{}}],"line":29},"1":{"loc":{"start":{"line":35,"column":4},"end":{"line":38,"column":5}},"type":"if","locations":[{"start":{"line":35,"column":4},"end":{"line":38,"column":5}},{"start":{},"end":{}}],"line":35},"2":{"loc":{"start":{"line":42,"column":4},"end":{"line":54,"column":5}},"type":"if","locations":[{"start":{"line":42,"column":4},"end":{"line":54,"column":5}},{"start":{"line":45,"column":11},"end":{"line":54,"column":5}}],"line":42},"3":{"loc":{"start":{"line":46,"column":6},"end":{"line":52,"column":7}},"type":"if","locations":[{"start":{"line":46,"column":6},"end":{"line":52,"column":7}},{"start":{},"end":{}}],"line":46},"4":{"loc":{"start":{"line":63,"column":4},"end":{"line":71,"column":5}},"type":"if","locations":[{"start":{"line":63,"column":4},"end":{"line":71,"column":5}},{"start":{},"end":{}}],"line":63},"5":{"loc":{"start":{"line":63,"column":8},"end":{"line":63,"column":46}},"type":"binary-expr","locations":[{"start":{"line":63,"column":8},"end":{"line":63,"column":33}},{"start":{"line":63,"column":37},"end":{"line":63,"column":46}}],"line":63},"6":{"loc":{"start":{"line":64,"column":6},"end":{"line":70,"column":7}},"type":"if","locations":[{"start":{"line":64,"column":6},"end":{"line":70,"column":7}},{"start":{},"end":{}}],"line":64},"7":{"loc":{"start":{"line":77,"column":4},"end":{"line":84,"column":5}},"type":"if","locations":[{"start":{"line":77,"column":4},"end":{"line":84,"column":5}},{"start":{},"end":{}}],"line":77},"8":{"loc":{"start":{"line":93,"column":21},"end":{"line":93,"column":58}},"type":"binary-expr","locations":[{"start":{"line":93,"column":21},"end":{"line":93,"column":29}},{"start":{"line":93,"column":33},"end":{"line":93,"column":58}}],"line":93},"9":{"loc":{"start":{"line":108,"column":37},"end":{"line":108,"column":81}},"type":"binary-expr","locations":[{"start":{"line":108,"column":37},"end":{"line":108,"column":53}},{"start":{"line":108,"column":57},"end":{"line":108,"column":81}}],"line":108}},"s":{"0":4,"1":4,"2":13,"3":13,"4":13,"5":4,"6":4,"7":13,"8":2,"9":2,"10":2,"11":13,"12":2,"13":1,"14":1,"15":1,"16":1,"17":1,"18":1,"19":13,"20":2,"21":2,"22":13,"23":0,"24":0,"25":0,"26":0,"27":13,"28":13,"29":2,"30":2,"31":0,"32":0,"33":0,"34":13,"35":13,"36":13,"37":1,"38":13,"39":13},"f":{"0":13,"1":4,"2":2,"3":2,"4":2,"5":0,"6":13,"7":0,"8":13,"9":1},"b":{"0":[4,0],"1":[2,0],"2":[1,1],"3":[1,0],"4":[0,0],"5":[0,0],"6":[0,0],"7":[2,11],"8":[1,1],"9":[13,0]},"_coverageSchema":"1a1c01bbd47fc00a2c39e90264f33305004495a9","hash":"821a1779257c1c8ef1c9b14b21c7fa08778c1eb6"}
,"/Users/tomato/Projects/flama/src/components/TodoList/TodoList.tsx": {"path":"/Users/tomato/Projects/flama/src/components/TodoList/TodoList.tsx","statementMap":{"0":{"start":{"line":16,"column":42},"end":{"line":52,"column":1}},"1":{"start":{"line":17,"column":17},"end":{"line":17,"column":28}},"2":{"start":{"line":18,"column":22},"end":{"line":18,"column":60}},"3":{"start":{"line":21,"column":4},"end":{"line":23,"column":11}},"4":{"start":{"line":27,"column":6},"end":{"line":42,"column":8}},"5":{"start":{"line":29,"column":32},"end":{"line":29,"column":39}},"6":{"start":{"line":31,"column":10},"end":{"line":36,"column":12}},"7":{"start":{"line":46,"column":2},"end":{"line":51,"column":4}}},"fnMap":{"0":{"name":"(anonymous_0)","decl":{"start":{"line":16,"column":42},"end":{"line":16,"column":43}},"loc":{"start":{"line":16,"column":102},"end":{"line":52,"column":1}},"line":16},"1":{"name":"(anonymous_1)","decl":{"start":{"line":29,"column":22},"end":{"line":29,"column":23}},"loc":{"start":{"line":29,"column":32},"end":{"line":29,"column":39}},"line":29},"2":{"name":"(anonymous_2)","decl":{"start":{"line":30,"column":20},"end":{"line":30,"column":21}},"loc":{"start":{"line":31,"column":10},"end":{"line":36,"column":12}},"line":31}},"branchMap":{"0":{"loc":{"start":{"line":18,"column":22},"end":{"line":18,"column":60}},"type":"cond-expr","locations":[{"start":{"line":18,"column":30},"end":{"line":18,"column":53}},{"start":{"line":18,"column":56},"end":{"line":18,"column":60}}],"line":18},"1":{"loc":{"start":{"line":49,"column":7},"end":{"line":49,"column":65}},"type":"cond-expr","locations":[{"start":{"line":49,"column":28},"end":{"line":49,"column":48}},{"start":{"line":49,"column":51},"end":{"line":49,"column":65}}],"line":49}},"s":{"0":3,"1":8,"2":8,"3":8,"4":8,"5":0,"6":6,"7":8},"f":{"0":8,"1":0,"2":6},"b":{"0":[8,0],"1":[2,6]},"_coverageSchema":"1a1c01bbd47fc00a2c39e90264f33305004495a9","hash":"53e228491fe784d6ce3227be82a534186b6fa846"}
,"/Users/tomato/Projects/flama/src/components/TodoList/TodoStyles.tsx": {"path":"/Users/tomato/Projects/flama/src/components/TodoList/TodoStyles.tsx","statementMap":{"0":{"start":{"line":4,"column":25},"end":{"line":51,"column":1}},"1":{"start":{"line":5,"column":23},"end":{"line":5,"column":33}},"2":{"start":{"line":6,"column":4},"end":{"line":50,"column":6}}},"fnMap":{"0":{"name":"(anonymous_0)","decl":{"start":{"line":4,"column":25},"end":{"line":4,"column":26}},"loc":{"start":{"line":4,"column":31},"end":{"line":51,"column":1}},"line":4}},"branchMap":{},"s":{"0":4,"1":21,"2":21},"f":{"0":21},"b":{},"_coverageSchema":"1a1c01bbd47fc00a2c39e90264f33305004495a9","hash":"5c3c0095d81e5c12e0ca0e2a1e813497ed9c44c3"}
,"/Users/tomato/Projects/flama/src/hooks/useAppDispatch.ts": {"path":"/Users/tomato/Projects/flama/src/hooks/useAppDispatch.ts","statementMap":{"0":{"start":{"line":3,"column":30},"end":{"line":3,"column":62}},"1":{"start":{"line":3,"column":36},"end":{"line":3,"column":62}}},"fnMap":{"0":{"name":"(anonymous_0)","decl":{"start":{"line":3,"column":30},"end":{"line":3,"column":31}},"loc":{"start":{"line":3,"column":36},"end":{"line":3,"column":62}},"line":3}},"branchMap":{},"s":{"0":4,"1":3},"f":{"0":3},"b":{},"_coverageSchema":"1a1c01bbd47fc00a2c39e90264f33305004495a9","hash":"8d9944ca3024ffcc96d0efb1bddb5f19fe26bd72"}
,"/Users/tomato/Projects/flama/src/hooks/useAppSelector.ts": {"path":"/Users/tomato/Projects/flama/src/hooks/useAppSelector.ts","statementMap":{"0":{"start":{"line":3,"column":63},"end":{"line":3,"column":74}}},"fnMap":{},"branchMap":{},"s":{"0":4},"f":{},"b":{},"_coverageSchema":"1a1c01bbd47fc00a2c39e90264f33305004495a9","hash":"4a4645eb10e098b2c713d2820711c3c2698ce6a4"}
,"/Users/tomato/Projects/flama/src/hooks/useBiometrics.ts": {"path":"/Users/tomato/Projects/flama/src/hooks/useBiometrics.ts","statementMap":{"0":{"start":{"line":4,"column":35},"end":{"line":49,"column":1}},"1":{"start":{"line":5,"column":32},"end":{"line":5,"column":47}},"2":{"start":{"line":6,"column":28},"end":{"line":6,"column":42}},"3":{"start":{"line":7,"column":32},"end":{"line":7,"column":46}},"4":{"start":{"line":9,"column":33},"end":{"line":24,"column":3}},"5":{"start":{"line":10,"column":4},"end":{"line":23,"column":5}},"6":{"start":{"line":11,"column":37},"end":{"line":11,"column":81}},"7":{"start":{"line":12,"column":6},"end":{"line":12,"column":68}},"8":{"start":{"line":14,"column":6},"end":{"line":19,"column":7}},"9":{"start":{"line":15,"column":8},"end":{"line":15,"column":37}},"10":{"start":{"line":17,"column":8},"end":{"line":17,"column":61}},"11":{"start":{"line":18,"column":8},"end":{"line":18,"column":26}},"12":{"start":{"line":21,"column":6},"end":{"line":21,"column":18}},"13":{"start":{"line":22,"column":6},"end":{"line":22,"column":24}},"14":{"start":{"line":25,"column":37},"end":{"line":42,"column":3}},"15":{"start":{"line":26,"column":4},"end":{"line":41,"column":5}},"16":{"start":{"line":27,"column":28},"end":{"line":27,"column":72}},"17":{"start":{"line":28,"column":6},"end":{"line":36,"column":7}},"18":{"start":{"line":29,"column":23},"end":{"line":31,"column":10}},"19":{"start":{"line":33,"column":8},"end":{"line":35,"column":9}},"20":{"start":{"line":34,"column":10},"end":{"line":34,"column":27}},"21":{"start":{"line":38,"column":6},"end":{"line":38,"column":18}},"22":{"start":{"line":40,"column":6},"end":{"line":40,"column":24}},"23":{"start":{"line":44,"column":2},"end":{"line":46,"column":9}},"24":{"start":{"line":45,"column":4},"end":{"line":45,"column":33}},"25":{"start":{"line":48,"column":2},"end":{"line":48,"column":61}}},"fnMap":{"0":{"name":"(anonymous_0)","decl":{"start":{"line":4,"column":35},"end":{"line":4,"column":36}},"loc":{"start":{"line":4,"column":41},"end":{"line":49,"column":1}},"line":4},"1":{"name":"(anonymous_1)","decl":{"start":{"line":9,"column":33},"end":{"line":9,"column":34}},"loc":{"start":{"line":9,"column":45},"end":{"line":24,"column":3}},"line":9},"2":{"name":"(anonymous_2)","decl":{"start":{"line":25,"column":37},"end":{"line":25,"column":38}},"loc":{"start":{"line":25,"column":49},"end":{"line":42,"column":3}},"line":25},"3":{"name":"(anonymous_3)","decl":{"start":{"line":44,"column":12},"end":{"line":44,"column":13}},"loc":{"start":{"line":44,"column":18},"end":{"line":46,"column":3}},"line":44}},"branchMap":{"0":{"loc":{"start":{"line":14,"column":6},"end":{"line":19,"column":7}},"type":"if","locations":[{"start":{"line":14,"column":6},"end":{"line":19,"column":7}},{"start":{"line":16,"column":13},"end":{"line":19,"column":7}}],"line":14},"1":{"loc":{"start":{"line":28,"column":6},"end":{"line":36,"column":7}},"type":"if","locations":[{"start":{"line":28,"column":6},"end":{"line":36,"column":7}},{"start":{},"end":{}}],"line":28},"2":{"loc":{"start":{"line":33,"column":8},"end":{"line":35,"column":9}},"type":"if","locations":[{"start":{"line":33,"column":8},"end":{"line":35,"column":9}},{"start":{},"end":{}}],"line":33}},"s":{"0":4,"1":23,"2":23,"3":23,"4":23,"5":1,"6":1,"7":1,"8":0,"9":0,"10":0,"11":0,"12":1,"13":1,"14":23,"15":8,"16":8,"17":8,"18":7,"19":7,"20":5,"21":0,"22":8,"23":23,"24":8,"25":23},"f":{"0":23,"1":1,"2":8,"3":8},"b":{"0":[0,0],"1":[7,1],"2":[5,2]},"_coverageSchema":"1a1c01bbd47fc00a2c39e90264f33305004495a9","hash":"1e9aa4482401db2bc6f55b95b13e8278498542f2"}
,"/Users/tomato/Projects/flama/src/navigation/Navigation.tsx": {"path":"/Users/tomato/Projects/flama/src/navigation/Navigation.tsx","statementMap":{"0":{"start":{"line":8,"column":14},"end":{"line":8,"column":42}},"1":{"start":{"line":10,"column":26},"end":{"line":37,"column":1}},"2":{"start":{"line":11,"column":17},"end":{"line":11,"column":33}},"3":{"start":{"line":12,"column":16},"end":{"line":12,"column":60}},"4":{"start":{"line":13,"column":2},"end":{"line":36,"column":4}}},"fnMap":{"0":{"name":"(anonymous_0)","decl":{"start":{"line":10,"column":26},"end":{"line":10,"column":27}},"loc":{"start":{"line":10,"column":32},"end":{"line":37,"column":1}},"line":10}},"branchMap":{"0":{"loc":{"start":{"line":12,"column":16},"end":{"line":12,"column":60}},"type":"cond-expr","locations":[{"start":{"line":12,"column":36},"end":{"line":12,"column":45}},{"start":{"line":12,"column":48},"end":{"line":12,"column":60}}],"line":12}},"s":{"0":2,"1":2,"2":3,"3":3,"4":3},"f":{"0":3},"b":{"0":[0,3]},"_coverageSchema":"1a1c01bbd47fc00a2c39e90264f33305004495a9","hash":"3f41c88315e7618761cc6786b92cb50a92e80b1a"}
,"/Users/tomato/Projects/flama/src/reducers/todoSlice.ts": {"path":"/Users/tomato/Projects/flama/src/reducers/todoSlice.ts","statementMap":{"0":{"start":{"line":6,"column":39},"end":{"line":8,"column":3}},"1":{"start":{"line":10,"column":18},"end":{"line":35,"column":2}},"2":{"start":{"line":15,"column":6},"end":{"line":15,"column":39}},"3":{"start":{"line":18,"column":19},"end":{"line":18,"column":67}},"4":{"start":{"line":18,"column":43},"end":{"line":18,"column":66}},"5":{"start":{"line":19,"column":6},"end":{"line":21,"column":7}},"6":{"start":{"line":20,"column":8},"end":{"line":20,"column":45}},"7":{"start":{"line":24,"column":27},"end":{"line":24,"column":78}},"8":{"start":{"line":24,"column":51},"end":{"line":24,"column":77}},"9":{"start":{"line":25,"column":6},"end":{"line":29,"column":7}},"10":{"start":{"line":26,"column":8},"end":{"line":26,"column":48}},"11":{"start":{"line":27,"column":8},"end":{"line":27,"column":62}},"12":{"start":{"line":28,"column":8},"end":{"line":28,"column":58}},"13":{"start":{"line":32,"column":6},"end":{"line":32,"column":71}},"14":{"start":{"line":32,"column":46},"end":{"line":32,"column":69}},"15":{"start":{"line":37,"column":63},"end":{"line":37,"column":80}}},"fnMap":{"0":{"name":"(anonymous_0)","decl":{"start":{"line":14,"column":13},"end":{"line":14,"column":14}},"loc":{"start":{"line":14,"column":53},"end":{"line":16,"column":5}},"line":14},"1":{"name":"(anonymous_1)","decl":{"start":{"line":17,"column":16},"end":{"line":17,"column":17}},"loc":{"start":{"line":17,"column":58},"end":{"line":22,"column":5}},"line":17},"2":{"name":"(anonymous_2)","decl":{"start":{"line":18,"column":36},"end":{"line":18,"column":37}},"loc":{"start":{"line":18,"column":43},"end":{"line":18,"column":66}},"line":18},"3":{"name":"(anonymous_3)","decl":{"start":{"line":23,"column":16},"end":{"line":23,"column":17}},"loc":{"start":{"line":23,"column":56},"end":{"line":30,"column":5}},"line":23},"4":{"name":"(anonymous_4)","decl":{"start":{"line":24,"column":44},"end":{"line":24,"column":45}},"loc":{"start":{"line":24,"column":51},"end":{"line":24,"column":77}},"line":24},"5":{"name":"(anonymous_5)","decl":{"start":{"line":31,"column":16},"end":{"line":31,"column":17}},"loc":{"start":{"line":31,"column":58},"end":{"line":33,"column":5}},"line":31},"6":{"name":"(anonymous_6)","decl":{"start":{"line":32,"column":39},"end":{"line":32,"column":40}},"loc":{"start":{"line":32,"column":46},"end":{"line":32,"column":69}},"line":32}},"branchMap":{"0":{"loc":{"start":{"line":19,"column":6},"end":{"line":21,"column":7}},"type":"if","locations":[{"start":{"line":19,"column":6},"end":{"line":21,"column":7}},{"start":{},"end":{}}],"line":19},"1":{"loc":{"start":{"line":25,"column":6},"end":{"line":29,"column":7}},"type":"if","locations":[{"start":{"line":25,"column":6},"end":{"line":29,"column":7}},{"start":{},"end":{}}],"line":25}},"s":{"0":4,"1":4,"2":1,"3":1,"4":1,"5":1,"6":1,"7":2,"8":2,"9":2,"10":1,"11":1,"12":1,"13":1,"14":1,"15":4},"f":{"0":1,"1":1,"2":1,"3":2,"4":2,"5":1,"6":1},"b":{"0":[1,0],"1":[1,1]},"_coverageSchema":"1a1c01bbd47fc00a2c39e90264f33305004495a9","hash":"cc0e9284fd4bd7aea51a58dfbb5a7ae0451b4204"}
,"/Users/tomato/Projects/flama/src/screens/AuthenticationScreen/AutenticationScreenStyles.tsx": {"path":"/Users/tomato/Projects/flama/src/screens/AuthenticationScreen/AutenticationScreenStyles.tsx","statementMap":{"0":{"start":{"line":6,"column":25},"end":{"line":70,"column":1}},"1":{"start":{"line":7,"column":23},"end":{"line":7,"column":33}},"2":{"start":{"line":8,"column":4},"end":{"line":69,"column":7}}},"fnMap":{"0":{"name":"(anonymous_0)","decl":{"start":{"line":6,"column":25},"end":{"line":6,"column":26}},"loc":{"start":{"line":6,"column":31},"end":{"line":70,"column":1}},"line":6}},"branchMap":{},"s":{"0":3,"1":13,"2":13},"f":{"0":13},"b":{},"_coverageSchema":"1a1c01bbd47fc00a2c39e90264f33305004495a9","hash":"fc8a2faf2860d7ff3a2ac7b96d34fd1f528e6009"}
,"/Users/tomato/Projects/flama/src/screens/AuthenticationScreen/AuthenticationScreen.tsx": {"path":"/Users/tomato/Projects/flama/src/screens/AuthenticationScreen/AuthenticationScreen.tsx","statementMap":{"0":{"start":{"line":6,"column":55},"end":{"line":56,"column":1}},"1":{"start":{"line":7,"column":79},"end":{"line":7,"column":94}},"2":{"start":{"line":10,"column":17},"end":{"line":10,"column":28}},"3":{"start":{"line":12,"column":2},"end":{"line":55,"column":4}},"4":{"start":{"line":33,"column":14},"end":{"line":41,"column":33}},"5":{"start":{"line":37,"column":18},"end":{"line":37,"column":66}}},"fnMap":{"0":{"name":"(anonymous_0)","decl":{"start":{"line":6,"column":55},"end":{"line":6,"column":56}},"loc":{"start":{"line":6,"column":75},"end":{"line":56,"column":1}},"line":6},"1":{"name":"(anonymous_1)","decl":{"start":{"line":22,"column":23},"end":{"line":22,"column":24}},"loc":{"start":{"line":22,"column":29},"end":{"line":24,"column":15}},"line":22},"2":{"name":"(anonymous_2)","decl":{"start":{"line":32,"column":31},"end":{"line":32,"column":32}},"loc":{"start":{"line":33,"column":14},"end":{"line":41,"column":33}},"line":33},"3":{"name":"(anonymous_3)","decl":{"start":{"line":36,"column":25},"end":{"line":36,"column":26}},"loc":{"start":{"line":36,"column":31},"end":{"line":38,"column":17}},"line":36}},"branchMap":{"0":{"loc":{"start":{"line":14,"column":7},"end":{"line":51,"column":7}},"type":"cond-expr","locations":[{"start":{"line":15,"column":8},"end":{"line":15,"column":65}},{"start":{"line":16,"column":10},"end":{"line":51,"column":7}}],"line":14},"1":{"loc":{"start":{"line":16,"column":10},"end":{"line":51,"column":7}},"type":"cond-expr","locations":[{"start":{"line":17,"column":8},"end":{"line":45,"column":11}},{"start":{"line":47,"column":8},"end":{"line":50,"column":15}}],"line":16},"2":{"loc":{"start":{"line":53,"column":7},"end":{"line":53,"column":76}},"type":"binary-expr","locations":[{"start":{"line":53,"column":7},"end":{"line":53,"column":12}},{"start":{"line":53,"column":16},"end":{"line":53,"column":76}}],"line":53}},"s":{"0":3,"1":13,"2":13,"3":13,"4":3,"5":0},"f":{"0":13,"1":0,"2":3,"3":0},"b":{"0":[8,5],"1":[3,2],"2":[13,0]},"_coverageSchema":"1a1c01bbd47fc00a2c39e90264f33305004495a9","hash":"6d76ce551719276592a861fa76f4ddba528c6c86"}
,"/Users/tomato/Projects/flama/src/screens/TodoScreen/TodoScreen.tsx": {"path":"/Users/tomato/Projects/flama/src/screens/TodoScreen/TodoScreen.tsx","statementMap":{"0":{"start":{"line":13,"column":29},"end":{"line":70,"column":1}},"1":{"start":{"line":14,"column":19},"end":{"line":14,"column":35}},"2":{"start":{"line":15,"column":16},"end":{"line":15,"column":60}},"3":{"start":{"line":15,"column":42},"end":{"line":15,"column":59}},"4":{"start":{"line":16,"column":36},"end":{"line":16,"column":51}},"5":{"start":{"line":18,"column":27},"end":{"line":42,"column":3}},"6":{"start":{"line":19,"column":4},"end":{"line":19,"column":23}},"7":{"start":{"line":20,"column":52},"end":{"line":20,"column":56}},"8":{"start":{"line":21,"column":4},"end":{"line":41,"column":5}},"9":{"start":{"line":22,"column":6},"end":{"line":22,"column":36}},"10":{"start":{"line":23,"column":6},"end":{"line":23,"column":26}},"11":{"start":{"line":25,"column":26},"end":{"line":25,"column":61}},"12":{"start":{"line":25,"column":44},"end":{"line":25,"column":60}},"13":{"start":{"line":26,"column":6},"end":{"line":29,"column":7}},"14":{"start":{"line":27,"column":8},"end":{"line":27,"column":42}},"15":{"start":{"line":28,"column":8},"end":{"line":28,"column":28}},"16":{"start":{"line":30,"column":6},"end":{"line":40,"column":7}},"17":{"start":{"line":31,"column":8},"end":{"line":39,"column":10}},"18":{"start":{"line":43,"column":17},"end":{"line":43,"column":28}},"19":{"start":{"line":45,"column":2},"end":{"line":69,"column":4}},"20":{"start":{"line":50,"column":28},"end":{"line":50,"column":57}},"21":{"start":{"line":58,"column":27},"end":{"line":58,"column":80}}},"fnMap":{"0":{"name":"(anonymous_0)","decl":{"start":{"line":13,"column":29},"end":{"line":13,"column":30}},"loc":{"start":{"line":13,"column":35},"end":{"line":70,"column":1}},"line":13},"1":{"name":"(anonymous_1)","decl":{"start":{"line":15,"column":31},"end":{"line":15,"column":32}},"loc":{"start":{"line":15,"column":42},"end":{"line":15,"column":59}},"line":15},"2":{"name":"(anonymous_2)","decl":{"start":{"line":18,"column":27},"end":{"line":18,"column":28}},"loc":{"start":{"line":18,"column":37},"end":{"line":42,"column":3}},"line":18},"3":{"name":"(anonymous_3)","decl":{"start":{"line":25,"column":37},"end":{"line":25,"column":38}},"loc":{"start":{"line":25,"column":44},"end":{"line":25,"column":60}},"line":25},"4":{"name":"(anonymous_4)","decl":{"start":{"line":50,"column":18},"end":{"line":50,"column":19}},"loc":{"start":{"line":50,"column":28},"end":{"line":50,"column":57}},"line":50},"5":{"name":"(anonymous_5)","decl":{"start":{"line":58,"column":21},"end":{"line":58,"column":22}},"loc":{"start":{"line":58,"column":27},"end":{"line":58,"column":80}},"line":58}},"branchMap":{"0":{"loc":{"start":{"line":21,"column":4},"end":{"line":41,"column":5}},"type":"if","locations":[{"start":{"line":21,"column":4},"end":{"line":41,"column":5}},{"start":{"line":24,"column":11},"end":{"line":41,"column":5}}],"line":21},"1":{"loc":{"start":{"line":26,"column":6},"end":{"line":29,"column":7}},"type":"if","locations":[{"start":{"line":26,"column":6},"end":{"line":29,"column":7}},{"start":{},"end":{}}],"line":26},"2":{"loc":{"start":{"line":30,"column":6},"end":{"line":40,"column":7}},"type":"if","locations":[{"start":{"line":30,"column":6},"end":{"line":40,"column":7}},{"start":{},"end":{}}],"line":30},"3":{"loc":{"start":{"line":53,"column":7},"end":{"line":66,"column":14}},"type":"cond-expr","locations":[{"start":{"line":54,"column":8},"end":{"line":65,"column":17}},{"start":{"line":66,"column":10},"end":{"line":66,"column":14}}],"line":53}},"s":{"0":3,"1":9,"2":9,"3":16,"4":9,"5":9,"6":2,"7":2,"8":2,"9":0,"10":0,"11":2,"12":2,"13":2,"14":1,"15":1,"16":2,"17":1,"18":9,"19":9,"20":1,"21":1},"f":{"0":9,"1":16,"2":2,"3":2,"4":1,"5":1},"b":{"0":[0,2],"1":[1,1],"2":[1,1],"3":[8,1]},"_coverageSchema":"1a1c01bbd47fc00a2c39e90264f33305004495a9","hash":"f8f8085114ebee59684374a8463b152622048659"}
,"/Users/tomato/Projects/flama/src/screens/TodoScreen/TodoScreenStyles.tsx": {"path":"/Users/tomato/Projects/flama/src/screens/TodoScreen/TodoScreenStyles.tsx","statementMap":{"0":{"start":{"line":6,"column":25},"end":{"line":69,"column":1}},"1":{"start":{"line":7,"column":23},"end":{"line":7,"column":33}},"2":{"start":{"line":8,"column":4},"end":{"line":68,"column":7}}},"fnMap":{"0":{"name":"(anonymous_0)","decl":{"start":{"line":6,"column":25},"end":{"line":6,"column":26}},"loc":{"start":{"line":6,"column":31},"end":{"line":69,"column":1}},"line":6}},"branchMap":{},"s":{"0":3,"1":9,"2":9},"f":{"0":9},"b":{},"_coverageSchema":"1a1c01bbd47fc00a2c39e90264f33305004495a9","hash":"2c0d95970013f321aba9c84cd76c5ac6db501d65"}
,"/Users/tomato/Projects/flama/src/store/store.ts": {"path":"/Users/tomato/Projects/flama/src/store/store.ts","statementMap":{"0":{"start":{"line":13,"column":33},"end":{"line":13,"column":35}},"1":{"start":{"line":15,"column":14},"end":{"line":21,"column":2}},"2":{"start":{"line":18,"column":4},"end":{"line":20,"column":25}},"3":{"start":{"line":26,"column":30},"end":{"line":26,"column":62}},"4":{"start":{"line":26,"column":36},"end":{"line":26,"column":62}},"5":{"start":{"line":27,"column":63},"end":{"line":27,"column":74}},"6":{"start":{"line":29,"column":18},"end":{"line":29,"column":37}}},"fnMap":{"0":{"name":"(anonymous_0)","decl":{"start":{"line":17,"column":14},"end":{"line":17,"column":15}},"loc":{"start":{"line":18,"column":4},"end":{"line":20,"column":25}},"line":18},"1":{"name":"(anonymous_1)","decl":{"start":{"line":26,"column":30},"end":{"line":26,"column":31}},"loc":{"start":{"line":26,"column":36},"end":{"line":26,"column":62}},"line":26}},"branchMap":{},"s":{"0":1,"1":1,"2":1,"3":1,"4":0,"5":1,"6":1},"f":{"0":1,"1":0},"b":{},"_coverageSchema":"1a1c01bbd47fc00a2c39e90264f33305004495a9","hash":"cb7fdf7632adaaa9d2b3fdaf8d00556f06db1b40"}
,"/Users/tomato/Projects/flama/src/types/Todo.ts": {"path":"/Users/tomato/Projects/flama/src/types/Todo.ts","statementMap":{},"fnMap":{},"branchMap":{},"s":{},"f":{},"b":{}}
,"/Users/tomato/Projects/flama/src/types/TodoState.ts": {"path":"/Users/tomato/Projects/flama/src/types/TodoState.ts","statementMap":{},"fnMap":{},"branchMap":{},"s":{},"f":{},"b":{}}
,"/Users/tomato/Projects/flama/src/utils/colors.ts": {"path":"/Users/tomato/Projects/flama/src/utils/colors.ts","statementMap":{},"fnMap":{},"branchMap":{},"s":{},"f":{},"b":{}}
,"/Users/tomato/Projects/flama/src/utils/persistConfig.ts": {"path":"/Users/tomato/Projects/flama/src/utils/persistConfig.ts","statementMap":{"0":{"start":{"line":7,"column":27},"end":{"line":10,"column":2}},"1":{"start":{"line":12,"column":22},"end":{"line":17,"column":1}},"2":{"start":{"line":19,"column":32},"end":{"line":19,"column":74}}},"fnMap":{},"branchMap":{},"s":{"0":1,"1":1,"2":1},"f":{},"b":{},"_coverageSchema":"1a1c01bbd47fc00a2c39e90264f33305004495a9","hash":"3d99e07317e9896eeb975f8a91f4a10936c07276"}
}
