TN:
SF:App.tsx
FN:10,(anonymous_0)
FNF:1
FNH:1
FNDA:2,(anonymous_0)
DA:10,1
DA:11,2
LF:2
LH:2
BRF:0
BRH:0
end_of_record
TN:
SF:AppStyles.tsx
FNF:0
FNH:0
DA:3,1
LF:1
LH:1
BRF:0
BRH:0
end_of_record
TN:
SF:src/components/CheckBox/CheckBox.tsx
FN:12,(anonymous_0)
FNF:1
FNH:1
FNDA:10,(anonymous_0)
DA:12,4
DA:13,10
DA:14,10
LF:3
LH:3
BRDA:18,0,0,10
BRDA:18,0,1,0
BRDA:21,1,0,10
BRDA:21,1,1,0
BRF:4
BRH:2
end_of_record
TN:
SF:src/components/CheckBox/CheckBoxStyles.tsx
FN:4,(anonymous_0)
FNF:1
FNH:1
FNDA:10,(anonymous_0)
DA:4,4
DA:5,10
DA:6,10
LF:3
LH:3
BRF:0
BRH:0
end_of_record
TN:
SF:src/components/Footer/Footer.tsx
FN:8,(anonymous_0)
FNF:1
FNH:1
FNDA:7,(anonymous_0)
DA:8,3
DA:9,7
DA:10,7
LF:3
LH:3
BRF:0
BRH:0
end_of_record
TN:
SF:src/components/Footer/FooterStyles.tsx
FN:4,(anonymous_0)
FNF:1
FNH:1
FNDA:7,(anonymous_0)
DA:4,3
DA:5,7
DA:6,7
LF:3
LH:3
BRF:0
BRH:0
end_of_record
TN:
SF:src/components/Label/Label.tsx
FN:5,(anonymous_0)
FNF:1
FNH:1
FNDA:8,(anonymous_0)
DA:5,3
DA:6,8
LF:2
LH:2
BRF:0
BRH:0
end_of_record
TN:
SF:src/components/Label/LabelStyles.tsx
FNF:0
FNH:0
DA:3,3
LF:1
LH:1
BRF:0
BRH:0
end_of_record
TN:
SF:src/components/Loading/Loading.tsx
FN:5,(anonymous_0)
FNF:1
FNH:1
FNDA:2,(anonymous_0)
DA:5,1
DA:6,2
LF:2
LH:2
BRF:0
BRH:0
end_of_record
TN:
SF:src/components/Loading/LoadingStyles.tsx
FNF:0
FNH:0
DA:2,1
LF:1
LH:1
BRF:0
BRH:0
end_of_record
TN:
SF:src/components/Swipeable/Swipeable.tsx
FN:19,(anonymous_0)
FN:26,(anonymous_1)
FN:31,(anonymous_2)
FN:46,(anonymous_3)
FN:51,(anonymous_4)
FN:58,(anonymous_5)
FN:63,(anonymous_6)
FN:79,(anonymous_7)
FN:81,(anonymous_8)
FN:87,(anonymous_9)
FNF:10
FNH:10
FNDA:18,(anonymous_0)
FNDA:14,(anonymous_1)
FNDA:2,(anonymous_2)
FNDA:22,(anonymous_3)
FNDA:14,(anonymous_4)
FNDA:28,(anonymous_5)
FNDA:2,(anonymous_6)
FNDA:22,(anonymous_7)
FNDA:28,(anonymous_8)
FNDA:4,(anonymous_9)
DA:19,5
DA:24,18
DA:25,18
DA:26,18
DA:27,14
DA:31,14
DA:32,2
DA:33,2
DA:35,14
DA:46,18
DA:47,22
DA:49,7
DA:52,14
DA:58,18
DA:59,28
DA:63,28
DA:64,2
DA:65,2
DA:68,28
DA:79,18
DA:80,22
DA:82,28
DA:87,18
DA:88,4
DA:91,18
LF:25
LH:25
BRDA:21,0,0,13
BRDA:22,1,0,0
BRDA:32,2,0,2
BRDA:32,2,1,2
BRDA:47,3,0,15
BRDA:47,3,1,7
BRDA:64,4,0,2
BRDA:64,4,1,2
BRF:8
BRH:7
end_of_record
TN:
SF:src/components/Swipeable/SwipeableStyles.tsx
FN:5,(anonymous_0)
FNF:1
FNH:1
FNDA:18,(anonymous_0)
DA:5,5
DA:6,18
LF:2
LH:2
BRF:0
BRH:0
end_of_record
TN:
SF:src/components/TodoList/TodoItem.tsx
FN:24,(anonymous_0)
FN:28,(anonymous_1)
FN:34,(anonymous_2)
FN:41,(anonymous_3)
FN:57,(anonymous_4)
FN:62,(anonymous_5)
FN:74,(anonymous_6)
FN:79,(anonymous_7)
FN:86,(anonymous_8)
FN:93,(anonymous_9)
FNF:10
FNH:8
FNDA:13,(anonymous_0)
FNDA:4,(anonymous_1)
FNDA:2,(anonymous_2)
FNDA:2,(anonymous_3)
FNDA:2,(anonymous_4)
FNDA:0,(anonymous_5)
FNDA:13,(anonymous_6)
FNDA:0,(anonymous_7)
FNDA:13,(anonymous_8)
FNDA:1,(anonymous_9)
DA:8,4
DA:24,4
DA:25,13
DA:26,13
DA:28,13
DA:29,4
DA:30,4
DA:34,13
DA:35,2
DA:36,2
DA:37,2
DA:41,13
DA:42,2
DA:43,1
DA:44,1
DA:46,1
DA:47,1
DA:48,1
DA:53,1
DA:57,13
DA:58,2
DA:59,2
DA:62,13
DA:63,0
DA:64,0
DA:65,0
DA:66,0
DA:74,13
DA:77,13
DA:78,2
DA:79,2
DA:80,0
DA:81,0
DA:82,0
DA:86,13
DA:89,13
DA:93,1
DA:98,13
DA:100,13
LF:39
LH:32
BRDA:29,0,0,4
BRDA:29,0,1,0
BRDA:35,1,0,2
BRDA:35,1,1,0
BRDA:42,2,0,1
BRDA:42,2,1,1
BRDA:46,3,0,1
BRDA:46,3,1,0
BRDA:63,4,0,0
BRDA:63,4,1,0
BRDA:63,5,0,0
BRDA:63,5,1,0
BRDA:64,6,0,0
BRDA:64,6,1,0
BRDA:77,7,0,2
BRDA:77,7,1,11
BRDA:93,8,0,1
BRDA:93,8,1,1
BRDA:108,9,0,13
BRDA:108,9,1,0
BRF:20
BRH:10
end_of_record
TN:
SF:src/components/TodoList/TodoList.tsx
FN:16,(anonymous_0)
FN:29,(anonymous_1)
FN:30,(anonymous_2)
FNF:3
FNH:2
FNDA:8,(anonymous_0)
FNDA:0,(anonymous_1)
FNDA:6,(anonymous_2)
DA:16,3
DA:17,8
DA:18,8
DA:21,8
DA:27,8
DA:29,0
DA:31,6
DA:46,8
LF:8
LH:7
BRDA:18,0,0,8
BRDA:18,0,1,0
BRDA:49,1,0,2
BRDA:49,1,1,6
BRF:4
BRH:3
end_of_record
TN:
SF:src/components/TodoList/TodoStyles.tsx
FN:4,(anonymous_0)
FNF:1
FNH:1
FNDA:21,(anonymous_0)
DA:4,4
DA:5,21
DA:6,21
LF:3
LH:3
BRF:0
BRH:0
end_of_record
TN:
SF:src/hooks/useAppDispatch.ts
FN:3,(anonymous_0)
FNF:1
FNH:1
FNDA:3,(anonymous_0)
DA:3,4
LF:1
LH:1
BRF:0
BRH:0
end_of_record
TN:
SF:src/hooks/useAppSelector.ts
FNF:0
FNH:0
DA:3,4
LF:1
LH:1
BRF:0
BRH:0
end_of_record
TN:
SF:src/hooks/useBiometrics.ts
FN:4,(anonymous_0)
FN:9,(anonymous_1)
FN:25,(anonymous_2)
FN:44,(anonymous_3)
FNF:4
FNH:4
FNDA:23,(anonymous_0)
FNDA:1,(anonymous_1)
FNDA:8,(anonymous_2)
FNDA:8,(anonymous_3)
DA:4,4
DA:5,23
DA:6,23
DA:7,23
DA:9,23
DA:10,1
DA:11,1
DA:12,1
DA:14,0
DA:15,0
DA:17,0
DA:18,0
DA:21,1
DA:22,1
DA:25,23
DA:26,8
DA:27,8
DA:28,8
DA:29,7
DA:33,7
DA:34,5
DA:38,0
DA:40,8
DA:44,23
DA:45,8
DA:48,23
LF:26
LH:21
BRDA:14,0,0,0
BRDA:14,0,1,0
BRDA:28,1,0,7
BRDA:28,1,1,1
BRDA:33,2,0,5
BRDA:33,2,1,2
BRF:6
BRH:4
end_of_record
TN:
SF:src/navigation/Navigation.tsx
FN:10,(anonymous_0)
FNF:1
FNH:1
FNDA:3,(anonymous_0)
DA:8,2
DA:10,2
DA:11,3
DA:12,3
DA:13,3
LF:5
LH:5
BRDA:12,0,0,0
BRDA:12,0,1,3
BRF:2
BRH:1
end_of_record
TN:
SF:src/reducers/todoSlice.ts
FN:14,(anonymous_0)
FN:17,(anonymous_1)
FN:18,(anonymous_2)
FN:23,(anonymous_3)
FN:24,(anonymous_4)
FN:31,(anonymous_5)
FN:32,(anonymous_6)
FNF:7
FNH:7
FNDA:1,(anonymous_0)
FNDA:1,(anonymous_1)
FNDA:1,(anonymous_2)
FNDA:2,(anonymous_3)
FNDA:2,(anonymous_4)
FNDA:1,(anonymous_5)
FNDA:1,(anonymous_6)
DA:6,4
DA:10,4
DA:15,1
DA:18,1
DA:19,1
DA:20,1
DA:24,2
DA:25,2
DA:26,1
DA:27,1
DA:28,1
DA:32,1
DA:37,4
LF:13
LH:13
BRDA:19,0,0,1
BRDA:19,0,1,0
BRDA:25,1,0,1
BRDA:25,1,1,1
BRF:4
BRH:3
end_of_record
TN:
SF:src/screens/AuthenticationScreen/AutenticationScreenStyles.tsx
FN:6,(anonymous_0)
FNF:1
FNH:1
FNDA:13,(anonymous_0)
DA:6,3
DA:7,13
DA:8,13
LF:3
LH:3
BRF:0
BRH:0
end_of_record
TN:
SF:src/screens/AuthenticationScreen/AuthenticationScreen.tsx
FN:6,(anonymous_0)
FN:22,(anonymous_1)
FN:32,(anonymous_2)
FN:36,(anonymous_3)
FNF:4
FNH:2
FNDA:13,(anonymous_0)
FNDA:0,(anonymous_1)
FNDA:3,(anonymous_2)
FNDA:0,(anonymous_3)
DA:6,3
DA:7,13
DA:10,13
DA:12,13
DA:33,3
DA:37,0
LF:6
LH:5
BRDA:14,0,0,8
BRDA:14,0,1,5
BRDA:16,1,0,3
BRDA:16,1,1,2
BRDA:53,2,0,13
BRDA:53,2,1,0
BRF:6
BRH:5
end_of_record
TN:
SF:src/screens/TodoScreen/TodoScreen.tsx
FN:13,(anonymous_0)
FN:15,(anonymous_1)
FN:18,(anonymous_2)
FN:25,(anonymous_3)
FN:50,(anonymous_4)
FN:58,(anonymous_5)
FNF:6
FNH:6
FNDA:9,(anonymous_0)
FNDA:16,(anonymous_1)
FNDA:2,(anonymous_2)
FNDA:2,(anonymous_3)
FNDA:1,(anonymous_4)
FNDA:1,(anonymous_5)
DA:13,3
DA:14,9
DA:15,16
DA:16,9
DA:18,9
DA:19,2
DA:20,2
DA:21,2
DA:22,0
DA:23,0
DA:25,2
DA:26,2
DA:27,1
DA:28,1
DA:30,2
DA:31,1
DA:43,9
DA:45,9
DA:50,1
DA:58,1
LF:20
LH:18
BRDA:21,0,0,0
BRDA:21,0,1,2
BRDA:26,1,0,1
BRDA:26,1,1,1
BRDA:30,2,0,1
BRDA:30,2,1,1
BRDA:53,3,0,8
BRDA:53,3,1,1
BRF:8
BRH:7
end_of_record
TN:
SF:src/screens/TodoScreen/TodoScreenStyles.tsx
FN:6,(anonymous_0)
FNF:1
FNH:1
FNDA:9,(anonymous_0)
DA:6,3
DA:7,9
DA:8,9
LF:3
LH:3
BRF:0
BRH:0
end_of_record
TN:
SF:src/store/store.ts
FN:17,(anonymous_0)
FN:26,(anonymous_1)
FNF:2
FNH:1
FNDA:1,(anonymous_0)
FNDA:0,(anonymous_1)
DA:13,1
DA:15,1
DA:18,1
DA:26,1
DA:27,1
DA:29,1
LF:6
LH:6
BRF:0
BRH:0
end_of_record
TN:
SF:src/types/Todo.ts
FNF:0
FNH:0
LF:0
LH:0
BRF:0
BRH:0
end_of_record
TN:
SF:src/types/TodoState.ts
FNF:0
FNH:0
LF:0
LH:0
BRF:0
BRH:0
end_of_record
TN:
SF:src/utils/colors.ts
FNF:0
FNH:0
LF:0
LH:0
BRF:0
BRH:0
end_of_record
TN:
SF:src/utils/persistConfig.ts
FNF:0
FNH:0
DA:7,1
DA:12,1
DA:19,1
LF:3
LH:3
BRF:0
BRH:0
end_of_record
